2024-09-30T14:31:13.985+05:30  INFO 18488 --- [secdemo1] [restartedMain] com.bankapp.Secdemo1Application          : Starting Secdemo1Application using Java 17.0.10 with PID 18488 (C:\ora_web_service_25sept_to_3oct\code\session-4\secdemo2\target\classes started by busyc in C:\ora_web_service_25sept_to_3oct\code\session-4\secdemo2)
2024-09-30T14:31:13.985+05:30  INFO 18488 --- [secdemo1] [restartedMain] com.bankapp.Secdemo1Application          : No active profile set, falling back to 1 default profile: "default"
2024-09-30T14:31:14.117+05:30  INFO 18488 --- [secdemo1] [restartedMain] .s.d.r.c.RepositoryConfigurationDelegate : Bootstrapping Spring Data JPA repositories in DEFAULT mode.
2024-09-30T14:31:14.121+05:30  INFO 18488 --- [secdemo1] [restartedMain] .s.d.r.c.RepositoryConfigurationDelegate : Finished Spring Data repository scanning in 3 ms. Found 1 JPA repository interface.
2024-09-30T14:31:14.208+05:30  INFO 18488 --- [secdemo1] [restartedMain] o.s.b.w.embedded.tomcat.TomcatWebServer  : Tomcat initialized with port 8080 (http)
2024-09-30T14:31:14.208+05:30  INFO 18488 --- [secdemo1] [restartedMain] o.apache.catalina.core.StandardService   : Starting service [Tomcat]
2024-09-30T14:31:14.208+05:30  INFO 18488 --- [secdemo1] [restartedMain] o.apache.catalina.core.StandardEngine    : Starting Servlet engine: [Apache Tomcat/10.1.30]
2024-09-30T14:31:14.215+05:30  INFO 18488 --- [secdemo1] [restartedMain] o.a.c.c.C.[Tomcat].[localhost].[/]       : Initializing Spring embedded WebApplicationContext
2024-09-30T14:31:14.215+05:30  INFO 18488 --- [secdemo1] [restartedMain] w.s.c.ServletWebServerApplicationContext : Root WebApplicationContext: initialization completed in 229 ms
2024-09-30T14:31:14.260+05:30  INFO 18488 --- [secdemo1] [restartedMain] com.zaxxer.hikari.HikariDataSource       : HikariPool-13 - Starting...
2024-09-30T14:31:14.263+05:30  INFO 18488 --- [secdemo1] [restartedMain] com.zaxxer.hikari.pool.HikariPool        : HikariPool-13 - Added connection conn120: url=jdbc:h2:mem:testdb user=SA
2024-09-30T14:31:14.263+05:30  INFO 18488 --- [secdemo1] [restartedMain] com.zaxxer.hikari.HikariDataSource       : HikariPool-13 - Start completed.
2024-09-30T14:31:14.263+05:30  INFO 18488 --- [secdemo1] [restartedMain] o.s.b.a.h2.H2ConsoleAutoConfiguration    : H2 console available at '/h2'. Database available at 'jdbc:h2:mem:testdb'
2024-09-30T14:31:14.289+05:30 DEBUG 18488 --- [secdemo1] [restartedMain] o.s.w.f.ServerHttpObservationFilter      : Filter 'webMvcObservationFilter' configured for use
2024-09-30T14:31:14.316+05:30  INFO 18488 --- [secdemo1] [restartedMain] o.s.o.j.p.SpringPersistenceUnitInfo      : No LoadTimeWeaver setup: ignoring JPA class transformer
2024-09-30T14:31:14.347+05:30  INFO 18488 --- [secdemo1] [restartedMain] j.LocalContainerEntityManagerFactoryBean : Initialized JPA EntityManagerFactory for persistence unit 'default'
2024-09-30T14:31:14.423+05:30  WARN 18488 --- [secdemo1] [restartedMain] JpaBaseConfiguration$JpaWebConfiguration : spring.jpa.open-in-view is enabled by default. Therefore, database queries may be performed during view rendering. Explicitly configure spring.jpa.open-in-view to disable this warning
2024-09-30T14:31:14.572+05:30  INFO 18488 --- [secdemo1] [restartedMain] r$InitializeUserDetailsManagerConfigurer : Global AuthenticationManager configured with UserDetailsService bean with name detailsService
2024-09-30T14:31:14.603+05:30 DEBUG 18488 --- [secdemo1] [restartedMain] s.w.s.m.m.a.RequestMappingHandlerMapping : 5 mappings in 'requestMappingHandlerMapping'
2024-09-30T14:31:14.661+05:30 DEBUG 18488 --- [secdemo1] [restartedMain] o.s.w.s.handler.SimpleUrlHandlerMapping  : Patterns [/webjars/**, /**] in 'resourceHandlerMapping'
2024-09-30T14:31:14.742+05:30  INFO 18488 --- [secdemo1] [restartedMain] o.s.b.a.e.web.EndpointLinksResolver      : Exposing 15 endpoints beneath base path '/actuator'
2024-09-30T14:31:14.832+05:30 DEBUG 18488 --- [secdemo1] [restartedMain] s.w.s.m.m.a.RequestMappingHandlerAdapter : ControllerAdvice beans: 0 @ModelAttribute, 0 @InitBinder, 1 RequestBodyAdvice, 1 ResponseBodyAdvice
2024-09-30T14:31:14.843+05:30 DEBUG 18488 --- [secdemo1] [restartedMain] .m.m.a.ExceptionHandlerExceptionResolver : ControllerAdvice beans: 0 @ExceptionHandler, 1 ResponseBodyAdvice
2024-09-30T14:31:14.941+05:30  INFO 18488 --- [secdemo1] [restartedMain] o.s.b.d.a.OptionalLiveReloadServer       : LiveReload server is running on port 35729
2024-09-30T14:31:14.954+05:30  INFO 18488 --- [secdemo1] [restartedMain] o.s.b.w.embedded.tomcat.TomcatWebServer  : Tomcat started on port 8080 (http) with context path '/'
2024-09-30T14:31:14.962+05:30  INFO 18488 --- [secdemo1] [restartedMain] com.bankapp.Secdemo1Application          : Started Secdemo1Application in 1.006 seconds (process running for 243.427)
2024-09-30T14:31:15.104+05:30  INFO 18488 --- [secdemo1] [restartedMain] .ConditionEvaluationDeltaLoggingListener : Condition evaluation delta:


==========================
CONDITION EVALUATION DELTA
==========================


Positive matches:
-----------------

   AvailabilityHealthContributorAutoConfiguration#livenessStateHealthIndicator matched:
      - @ConditionalOnProperty (management.health.livenessstate.enabled=true) matched (OnPropertyCondition)
      - @ConditionalOnMissingBean (names: livenessStateHealthIndicator; SearchStrategy: all) did not find any beans (OnBeanCondition)

   AvailabilityHealthContributorAutoConfiguration#readinessStateHealthIndicator matched:
      - @ConditionalOnProperty (management.health.readinessstate.enabled=true) matched (OnPropertyCondition)
      - @ConditionalOnMissingBean (names: readinessStateHealthIndicator; SearchStrategy: all) did not find any beans (OnBeanCondition)

   AvailabilityProbesAutoConfiguration matched:
      - Probes availability 'management.endpoint.health.probes.enabled' set to 'true' (AvailabilityProbesAutoConfiguration.ProbesCondition)

   CachesEndpointAutoConfiguration#cachesEndpointWebExtension matched:
      - @ConditionalOnBean (types: org.springframework.boot.actuate.cache.CachesEndpoint; SearchStrategy: all) found bean 'cachesEndpoint'; @ConditionalOnMissingBean (types: org.springframework.boot.actuate.cache.CachesEndpointWebExtension; SearchStrategy: all) did not find any beans (OnBeanCondition)
      - @ConditionalOnAvailableEndpoint marked as exposed by a 'management.endpoints.web.exposure' property (OnAvailableEndpointCondition)

   ConfigurationPropertiesReportEndpointAutoConfiguration#configurationPropertiesReportEndpointWebExtension matched:
      - @ConditionalOnBean (types: org.springframework.boot.actuate.context.properties.ConfigurationPropertiesReportEndpoint; SearchStrategy: all) found bean 'configurationPropertiesReportEndpoint'; @ConditionalOnMissingBean (types: org.springframework.boot.actuate.context.properties.ConfigurationPropertiesReportEndpointWebExtension; SearchStrategy: all) did not find any beans (OnBeanCondition)
      - @ConditionalOnAvailableEndpoint marked as exposed by a 'management.endpoints.web.exposure' property (OnAvailableEndpointCondition)

   EnvironmentEndpointAutoConfiguration#environmentEndpointWebExtension matched:
      - @ConditionalOnBean (types: org.springframework.boot.actuate.env.EnvironmentEndpoint; SearchStrategy: all) found bean 'environmentEndpoint'; @ConditionalOnMissingBean (types: org.springframework.boot.actuate.env.EnvironmentEndpointWebExtension; SearchStrategy: all) did not find any beans (OnBeanCondition)
      - @ConditionalOnAvailableEndpoint marked as exposed by a 'management.endpoints.web.exposure' property (OnAvailableEndpointCondition)

   InfoContributorAutoConfiguration#envInfoContributor matched:
      - @ConditionalOnEnabledInfoContributor management.info.env.enabled is true (OnEnabledInfoContributorCondition)

   LogFileWebEndpointAutoConfiguration#logFileWebEndpoint matched:
      - Log File found logging.file.name server.log (LogFileWebEndpointAutoConfiguration.LogFileCondition)
      - @ConditionalOnMissingBean (types: org.springframework.boot.actuate.logging.LogFileWebEndpoint; SearchStrategy: all) did not find any beans (OnBeanCondition)

   SbomEndpointAutoConfiguration#sbomEndpointWebExtension matched:
      - @ConditionalOnBean (types: org.springframework.boot.actuate.sbom.SbomEndpoint; SearchStrategy: all) found bean 'sbomEndpoint'; @ConditionalOnMissingBean (types: org.springframework.boot.actuate.sbom.SbomEndpointWebExtension; SearchStrategy: all) did not find any beans (OnBeanCondition)
      - @ConditionalOnAvailableEndpoint marked as exposed by a 'management.endpoints.web.exposure' property (OnAvailableEndpointCondition)


Negative matches:
-----------------

   AvailabilityProbesAutoConfiguration#livenessStateHealthIndicator:
      Did not match:
         - @ConditionalOnMissingBean (names: livenessStateHealthIndicator; SearchStrategy: all) found beans named livenessStateHealthIndicator (OnBeanCondition)

   AvailabilityProbesAutoConfiguration#readinessStateHealthIndicator:
      Did not match:
         - @ConditionalOnMissingBean (names: readinessStateHealthIndicator; SearchStrategy: all) found beans named readinessStateHealthIndicator (OnBeanCondition)


Exclusions:
-----------

    None


Unconditional classes:
----------------------

    None



2024-09-30T14:31:17.534+05:30  INFO 18488 --- [secdemo1] [RMI TCP Connection(18)-127.0.0.1] inMXBeanRegistrar$SpringApplicationAdmin : Application shutdown requested.
2024-09-30T14:31:17.668+05:30  INFO 18488 --- [secdemo1] [RMI TCP Connection(18)-127.0.0.1] j.LocalContainerEntityManagerFactoryBean : Closing JPA EntityManagerFactory for persistence unit 'default'
2024-09-30T14:31:17.668+05:30  WARN 18488 --- [secdemo1] [RMI TCP Connection(18)-127.0.0.1] o.s.b.f.support.DisposableBeanAdapter    : Invocation of destroy method failed on bean with name 'inMemoryDatabaseShutdownExecutor': org.h2.jdbc.JdbcSQLNonTransientConnectionException: Database is already closed (to disable automatic closing at VM shutdown, add ";DB_CLOSE_ON_EXIT=FALSE" to the db URL) [90121-224]
2024-09-30T14:31:17.669+05:30  INFO 18488 --- [secdemo1] [RMI TCP Connection(18)-127.0.0.1] com.zaxxer.hikari.HikariDataSource       : HikariPool-13 - Shutdown initiated...
2024-09-30T14:31:17.669+05:30  INFO 18488 --- [secdemo1] [RMI TCP Connection(18)-127.0.0.1] com.zaxxer.hikari.HikariDataSource       : HikariPool-13 - Shutdown completed.
2024-09-30T14:31:27.193+05:30  INFO 10284 --- [secdemo1] [restartedMain] com.bankapp.Secdemo1Application          : Starting Secdemo1Application using Java 17.0.10 with PID 10284 (C:\ora_web_service_25sept_to_3oct\code\session-4\secdemo2\target\classes started by busyc in C:\ora_web_service_25sept_to_3oct\code\session-4\secdemo2)
2024-09-30T14:31:27.195+05:30  INFO 10284 --- [secdemo1] [restartedMain] com.bankapp.Secdemo1Application          : No active profile set, falling back to 1 default profile: "default"
2024-09-30T14:31:27.232+05:30  INFO 10284 --- [secdemo1] [restartedMain] .e.DevToolsPropertyDefaultsPostProcessor : Devtools property defaults active! Set 'spring.devtools.add-properties' to 'false' to disable
2024-09-30T14:31:27.232+05:30  INFO 10284 --- [secdemo1] [restartedMain] .e.DevToolsPropertyDefaultsPostProcessor : For additional web related logging consider setting the 'logging.level.web' property to 'DEBUG'
2024-09-30T14:31:27.875+05:30  INFO 10284 --- [secdemo1] [restartedMain] .s.d.r.c.RepositoryConfigurationDelegate : Bootstrapping Spring Data JPA repositories in DEFAULT mode.
2024-09-30T14:31:27.913+05:30  INFO 10284 --- [secdemo1] [restartedMain] .s.d.r.c.RepositoryConfigurationDelegate : Finished Spring Data repository scanning in 33 ms. Found 1 JPA repository interface.
2024-09-30T14:31:28.429+05:30  INFO 10284 --- [secdemo1] [restartedMain] o.s.b.w.embedded.tomcat.TomcatWebServer  : Tomcat initialized with port 8080 (http)
2024-09-30T14:31:28.438+05:30  INFO 10284 --- [secdemo1] [restartedMain] o.apache.catalina.core.StandardService   : Starting service [Tomcat]
2024-09-30T14:31:28.438+05:30  INFO 10284 --- [secdemo1] [restartedMain] o.apache.catalina.core.StandardEngine    : Starting Servlet engine: [Apache Tomcat/10.1.30]
2024-09-30T14:31:28.476+05:30  INFO 10284 --- [secdemo1] [restartedMain] o.a.c.c.C.[Tomcat].[localhost].[/]       : Initializing Spring embedded WebApplicationContext
2024-09-30T14:31:28.477+05:30  INFO 10284 --- [secdemo1] [restartedMain] w.s.c.ServletWebServerApplicationContext : Root WebApplicationContext: initialization completed in 1243 ms
2024-09-30T14:31:28.565+05:30  INFO 10284 --- [secdemo1] [restartedMain] com.zaxxer.hikari.HikariDataSource       : HikariPool-1 - Starting...
2024-09-30T14:31:28.674+05:30  INFO 10284 --- [secdemo1] [restartedMain] com.zaxxer.hikari.pool.HikariPool        : HikariPool-1 - Added connection conn0: url=jdbc:h2:mem:testdb user=SA
2024-09-30T14:31:28.675+05:30  INFO 10284 --- [secdemo1] [restartedMain] com.zaxxer.hikari.HikariDataSource       : HikariPool-1 - Start completed.
2024-09-30T14:31:28.681+05:30  INFO 10284 --- [secdemo1] [restartedMain] o.s.b.a.h2.H2ConsoleAutoConfiguration    : H2 console available at '/h2'. Database available at 'jdbc:h2:mem:testdb'
2024-09-30T14:31:28.755+05:30 DEBUG 10284 --- [secdemo1] [restartedMain] o.s.w.f.ServerHttpObservationFilter      : Filter 'webMvcObservationFilter' configured for use
2024-09-30T14:31:29.046+05:30  INFO 10284 --- [secdemo1] [restartedMain] o.s.o.j.p.SpringPersistenceUnitInfo      : No LoadTimeWeaver setup: ignoring JPA class transformer
2024-09-30T14:31:29.656+05:30  INFO 10284 --- [secdemo1] [restartedMain] j.LocalContainerEntityManagerFactoryBean : Initialized JPA EntityManagerFactory for persistence unit 'default'
2024-09-30T14:31:29.960+05:30  WARN 10284 --- [secdemo1] [restartedMain] JpaBaseConfiguration$JpaWebConfiguration : spring.jpa.open-in-view is enabled by default. Therefore, database queries may be performed during view rendering. Explicitly configure spring.jpa.open-in-view to disable this warning
2024-09-30T14:31:30.126+05:30  INFO 10284 --- [secdemo1] [restartedMain] r$InitializeUserDetailsManagerConfigurer : Global AuthenticationManager configured with UserDetailsService bean with name detailsService
2024-09-30T14:31:30.220+05:30 DEBUG 10284 --- [secdemo1] [restartedMain] s.w.s.m.m.a.RequestMappingHandlerMapping : 5 mappings in 'requestMappingHandlerMapping'
2024-09-30T14:31:30.327+05:30 DEBUG 10284 --- [secdemo1] [restartedMain] o.s.w.s.handler.SimpleUrlHandlerMapping  : Patterns [/webjars/**, /**] in 'resourceHandlerMapping'
2024-09-30T14:31:30.514+05:30  INFO 10284 --- [secdemo1] [restartedMain] o.s.b.a.e.web.EndpointLinksResolver      : Exposing 15 endpoints beneath base path '/actuator'
2024-09-30T14:31:30.653+05:30 DEBUG 10284 --- [secdemo1] [restartedMain] s.w.s.m.m.a.RequestMappingHandlerAdapter : ControllerAdvice beans: 0 @ModelAttribute, 0 @InitBinder, 1 RequestBodyAdvice, 1 ResponseBodyAdvice
2024-09-30T14:31:30.679+05:30 DEBUG 10284 --- [secdemo1] [restartedMain] .m.m.a.ExceptionHandlerExceptionResolver : ControllerAdvice beans: 0 @ExceptionHandler, 1 ResponseBodyAdvice
2024-09-30T14:31:30.876+05:30  INFO 10284 --- [secdemo1] [restartedMain] o.s.b.d.a.OptionalLiveReloadServer       : LiveReload server is running on port 35729
2024-09-30T14:31:30.927+05:30  INFO 10284 --- [secdemo1] [restartedMain] o.s.b.w.embedded.tomcat.TomcatWebServer  : Tomcat started on port 8080 (http) with context path '/'
2024-09-30T14:31:30.939+05:30  INFO 10284 --- [secdemo1] [restartedMain] com.bankapp.Secdemo1Application          : Started Secdemo1Application in 4.038 seconds (process running for 4.523)
2024-09-30T14:31:32.586+05:30  INFO 10284 --- [secdemo1] [RMI TCP Connection(8)-127.0.0.1] o.a.c.c.C.[Tomcat].[localhost].[/]       : Initializing Spring DispatcherServlet 'dispatcherServlet'
2024-09-30T14:31:32.586+05:30  INFO 10284 --- [secdemo1] [RMI TCP Connection(8)-127.0.0.1] o.s.web.servlet.DispatcherServlet        : Initializing Servlet 'dispatcherServlet'
2024-09-30T14:31:32.586+05:30 DEBUG 10284 --- [secdemo1] [RMI TCP Connection(8)-127.0.0.1] o.s.web.servlet.DispatcherServlet        : Detected StandardServletMultipartResolver
2024-09-30T14:31:32.586+05:30 DEBUG 10284 --- [secdemo1] [RMI TCP Connection(8)-127.0.0.1] o.s.web.servlet.DispatcherServlet        : Detected AcceptHeaderLocaleResolver
2024-09-30T14:31:32.586+05:30 DEBUG 10284 --- [secdemo1] [RMI TCP Connection(8)-127.0.0.1] o.s.web.servlet.DispatcherServlet        : Detected FixedThemeResolver
2024-09-30T14:31:32.587+05:30 DEBUG 10284 --- [secdemo1] [RMI TCP Connection(8)-127.0.0.1] o.s.web.servlet.DispatcherServlet        : Detected org.springframework.web.servlet.view.DefaultRequestToViewNameTranslator@40e587b1
2024-09-30T14:31:32.588+05:30 DEBUG 10284 --- [secdemo1] [RMI TCP Connection(8)-127.0.0.1] o.s.web.servlet.DispatcherServlet        : Detected org.springframework.web.servlet.support.SessionFlashMapManager@3a3e524c
2024-09-30T14:31:32.588+05:30 DEBUG 10284 --- [secdemo1] [RMI TCP Connection(8)-127.0.0.1] o.s.web.servlet.DispatcherServlet        : enableLoggingRequestDetails='false': request parameters and headers will be masked to prevent unsafe logging of potentially sensitive data
2024-09-30T14:31:32.588+05:30  INFO 10284 --- [secdemo1] [RMI TCP Connection(8)-127.0.0.1] o.s.web.servlet.DispatcherServlet        : Completed initialization in 2 ms
2024-09-30T14:32:14.934+05:30  INFO 10284 --- [secdemo1] [File Watcher] rtingClassPathChangeChangedEventListener : Restarting due to 1 class path change (0 additions, 0 deletions, 1 modification)
2024-09-30T14:32:15.076+05:30  INFO 10284 --- [secdemo1] [Thread-5] j.LocalContainerEntityManagerFactoryBean : Closing JPA EntityManagerFactory for persistence unit 'default'
2024-09-30T14:32:15.080+05:30  WARN 10284 --- [secdemo1] [Thread-5] o.s.b.f.support.DisposableBeanAdapter    : Invocation of destroy method failed on bean with name 'inMemoryDatabaseShutdownExecutor': org.h2.jdbc.JdbcSQLNonTransientConnectionException: Database is already closed (to disable automatic closing at VM shutdown, add ";DB_CLOSE_ON_EXIT=FALSE" to the db URL) [90121-224]
2024-09-30T14:32:15.080+05:30  INFO 10284 --- [secdemo1] [Thread-5] com.zaxxer.hikari.HikariDataSource       : HikariPool-1 - Shutdown initiated...
2024-09-30T14:32:15.082+05:30  INFO 10284 --- [secdemo1] [Thread-5] com.zaxxer.hikari.HikariDataSource       : HikariPool-1 - Shutdown completed.
2024-09-30T14:32:15.155+05:30  INFO 10284 --- [secdemo1] [restartedMain] com.bankapp.Secdemo1Application          : Starting Secdemo1Application using Java 17.0.10 with PID 10284 (C:\ora_web_service_25sept_to_3oct\code\session-4\secdemo2\target\classes started by busyc in C:\ora_web_service_25sept_to_3oct\code\session-4\secdemo2)
2024-09-30T14:32:15.155+05:30  INFO 10284 --- [secdemo1] [restartedMain] com.bankapp.Secdemo1Application          : No active profile set, falling back to 1 default profile: "default"
2024-09-30T14:32:15.320+05:30  INFO 10284 --- [secdemo1] [restartedMain] .s.d.r.c.RepositoryConfigurationDelegate : Bootstrapping Spring Data JPA repositories in DEFAULT mode.
2024-09-30T14:32:15.325+05:30  INFO 10284 --- [secdemo1] [restartedMain] .s.d.r.c.RepositoryConfigurationDelegate : Finished Spring Data repository scanning in 4 ms. Found 1 JPA repository interface.
2024-09-30T14:32:15.431+05:30  INFO 10284 --- [secdemo1] [restartedMain] o.s.b.w.embedded.tomcat.TomcatWebServer  : Tomcat initialized with port 8080 (http)
2024-09-30T14:32:15.431+05:30  INFO 10284 --- [secdemo1] [restartedMain] o.apache.catalina.core.StandardService   : Starting service [Tomcat]
2024-09-30T14:32:15.431+05:30  INFO 10284 --- [secdemo1] [restartedMain] o.apache.catalina.core.StandardEngine    : Starting Servlet engine: [Apache Tomcat/10.1.30]
2024-09-30T14:32:15.450+05:30  INFO 10284 --- [secdemo1] [restartedMain] o.a.c.c.C.[Tomcat].[localhost].[/]       : Initializing Spring embedded WebApplicationContext
2024-09-30T14:32:15.450+05:30  INFO 10284 --- [secdemo1] [restartedMain] w.s.c.ServletWebServerApplicationContext : Root WebApplicationContext: initialization completed in 294 ms
2024-09-30T14:32:15.494+05:30  INFO 10284 --- [secdemo1] [restartedMain] com.zaxxer.hikari.HikariDataSource       : HikariPool-2 - Starting...
2024-09-30T14:32:15.496+05:30  INFO 10284 --- [secdemo1] [restartedMain] com.zaxxer.hikari.pool.HikariPool        : HikariPool-2 - Added connection conn10: url=jdbc:h2:mem:testdb user=SA
2024-09-30T14:32:15.496+05:30  INFO 10284 --- [secdemo1] [restartedMain] com.zaxxer.hikari.HikariDataSource       : HikariPool-2 - Start completed.
2024-09-30T14:32:15.496+05:30  INFO 10284 --- [secdemo1] [restartedMain] o.s.b.a.h2.H2ConsoleAutoConfiguration    : H2 console available at '/h2'. Database available at 'jdbc:h2:mem:testdb'
2024-09-30T14:32:15.526+05:30 DEBUG 10284 --- [secdemo1] [restartedMain] o.s.w.f.ServerHttpObservationFilter      : Filter 'webMvcObservationFilter' configured for use
2024-09-30T14:32:15.552+05:30  INFO 10284 --- [secdemo1] [restartedMain] o.s.o.j.p.SpringPersistenceUnitInfo      : No LoadTimeWeaver setup: ignoring JPA class transformer
2024-09-30T14:32:15.580+05:30  INFO 10284 --- [secdemo1] [restartedMain] j.LocalContainerEntityManagerFactoryBean : Initialized JPA EntityManagerFactory for persistence unit 'default'
2024-09-30T14:32:15.671+05:30  WARN 10284 --- [secdemo1] [restartedMain] JpaBaseConfiguration$JpaWebConfiguration : spring.jpa.open-in-view is enabled by default. Therefore, database queries may be performed during view rendering. Explicitly configure spring.jpa.open-in-view to disable this warning
2024-09-30T14:32:15.820+05:30  INFO 10284 --- [secdemo1] [restartedMain] r$InitializeUserDetailsManagerConfigurer : Global AuthenticationManager configured with UserDetailsService bean with name detailsService
2024-09-30T14:32:15.850+05:30 DEBUG 10284 --- [secdemo1] [restartedMain] s.w.s.m.m.a.RequestMappingHandlerMapping : 5 mappings in 'requestMappingHandlerMapping'
2024-09-30T14:32:15.908+05:30 DEBUG 10284 --- [secdemo1] [restartedMain] o.s.w.s.handler.SimpleUrlHandlerMapping  : Patterns [/webjars/**, /**] in 'resourceHandlerMapping'
2024-09-30T14:32:15.985+05:30  INFO 10284 --- [secdemo1] [restartedMain] o.s.b.a.e.web.EndpointLinksResolver      : Exposing 15 endpoints beneath base path '/actuator'
2024-09-30T14:32:16.075+05:30 DEBUG 10284 --- [secdemo1] [restartedMain] s.w.s.m.m.a.RequestMappingHandlerAdapter : ControllerAdvice beans: 0 @ModelAttribute, 0 @InitBinder, 1 RequestBodyAdvice, 1 ResponseBodyAdvice
2024-09-30T14:32:16.085+05:30 DEBUG 10284 --- [secdemo1] [restartedMain] .m.m.a.ExceptionHandlerExceptionResolver : ControllerAdvice beans: 0 @ExceptionHandler, 1 ResponseBodyAdvice
2024-09-30T14:32:16.186+05:30  INFO 10284 --- [secdemo1] [restartedMain] o.s.b.d.a.OptionalLiveReloadServer       : LiveReload server is running on port 35729
2024-09-30T14:32:16.202+05:30  INFO 10284 --- [secdemo1] [restartedMain] o.s.b.w.embedded.tomcat.TomcatWebServer  : Tomcat started on port 8080 (http) with context path '/'
2024-09-30T14:32:16.213+05:30  INFO 10284 --- [secdemo1] [restartedMain] com.bankapp.Secdemo1Application          : Started Secdemo1Application in 1.08 seconds (process running for 49.796)
2024-09-30T14:32:16.351+05:30  INFO 10284 --- [secdemo1] [restartedMain] .ConditionEvaluationDeltaLoggingListener : Condition evaluation unchanged
2024-09-30T14:32:24.395+05:30  INFO 10284 --- [secdemo1] [RMI TCP Connection(11)-127.0.0.1] inMXBeanRegistrar$SpringApplicationAdmin : Application shutdown requested.
2024-09-30T14:32:24.536+05:30  INFO 10284 --- [secdemo1] [RMI TCP Connection(11)-127.0.0.1] j.LocalContainerEntityManagerFactoryBean : Closing JPA EntityManagerFactory for persistence unit 'default'
2024-09-30T14:32:24.537+05:30  WARN 10284 --- [secdemo1] [RMI TCP Connection(11)-127.0.0.1] o.s.b.f.support.DisposableBeanAdapter    : Invocation of destroy method failed on bean with name 'inMemoryDatabaseShutdownExecutor': org.h2.jdbc.JdbcSQLNonTransientConnectionException: Database is already closed (to disable automatic closing at VM shutdown, add ";DB_CLOSE_ON_EXIT=FALSE" to the db URL) [90121-224]
2024-09-30T14:32:24.537+05:30  INFO 10284 --- [secdemo1] [RMI TCP Connection(11)-127.0.0.1] com.zaxxer.hikari.HikariDataSource       : HikariPool-2 - Shutdown initiated...
2024-09-30T14:32:24.538+05:30  INFO 10284 --- [secdemo1] [RMI TCP Connection(11)-127.0.0.1] com.zaxxer.hikari.HikariDataSource       : HikariPool-2 - Shutdown completed.
2024-09-30T17:17:57.970+05:30  INFO 7588 --- [secdemo1] [restartedMain] com.bankapp.Secdemo1Application          : Starting Secdemo1Application using Java 17.0.10 with PID 7588 (C:\ora_web_service_25sept_to_3oct\code\session-4\secdemo2\target\classes started by busyc in C:\ora_web_service_25sept_to_3oct\code\session-4\secdemo2)
2024-09-30T17:17:57.972+05:30  INFO 7588 --- [secdemo1] [restartedMain] com.bankapp.Secdemo1Application          : No active profile set, falling back to 1 default profile: "default"
2024-09-30T17:17:58.018+05:30  INFO 7588 --- [secdemo1] [restartedMain] .e.DevToolsPropertyDefaultsPostProcessor : Devtools property defaults active! Set 'spring.devtools.add-properties' to 'false' to disable
2024-09-30T17:17:58.019+05:30  INFO 7588 --- [secdemo1] [restartedMain] .e.DevToolsPropertyDefaultsPostProcessor : For additional web related logging consider setting the 'logging.level.web' property to 'DEBUG'
2024-09-30T17:17:58.760+05:30  INFO 7588 --- [secdemo1] [restartedMain] .s.d.r.c.RepositoryConfigurationDelegate : Bootstrapping Spring Data JPA repositories in DEFAULT mode.
2024-09-30T17:17:58.801+05:30  INFO 7588 --- [secdemo1] [restartedMain] .s.d.r.c.RepositoryConfigurationDelegate : Finished Spring Data repository scanning in 32 ms. Found 1 JPA repository interface.
2024-09-30T17:17:59.373+05:30  INFO 7588 --- [secdemo1] [restartedMain] o.s.b.w.embedded.tomcat.TomcatWebServer  : Tomcat initialized with port 8080 (http)
2024-09-30T17:17:59.385+05:30  INFO 7588 --- [secdemo1] [restartedMain] o.apache.catalina.core.StandardService   : Starting service [Tomcat]
2024-09-30T17:17:59.385+05:30  INFO 7588 --- [secdemo1] [restartedMain] o.apache.catalina.core.StandardEngine    : Starting Servlet engine: [Apache Tomcat/10.1.30]
2024-09-30T17:17:59.428+05:30  INFO 7588 --- [secdemo1] [restartedMain] o.a.c.c.C.[Tomcat].[localhost].[/]       : Initializing Spring embedded WebApplicationContext
2024-09-30T17:17:59.429+05:30  INFO 7588 --- [secdemo1] [restartedMain] w.s.c.ServletWebServerApplicationContext : Root WebApplicationContext: initialization completed in 1410 ms
2024-09-30T17:17:59.546+05:30  INFO 7588 --- [secdemo1] [restartedMain] com.zaxxer.hikari.HikariDataSource       : HikariPool-1 - Starting...
2024-09-30T17:17:59.662+05:30  INFO 7588 --- [secdemo1] [restartedMain] com.zaxxer.hikari.pool.HikariPool        : HikariPool-1 - Added connection conn0: url=jdbc:h2:mem:testdb user=SA
2024-09-30T17:17:59.664+05:30  INFO 7588 --- [secdemo1] [restartedMain] com.zaxxer.hikari.HikariDataSource       : HikariPool-1 - Start completed.
2024-09-30T17:17:59.671+05:30  INFO 7588 --- [secdemo1] [restartedMain] o.s.b.a.h2.H2ConsoleAutoConfiguration    : H2 console available at '/h2'. Database available at 'jdbc:h2:mem:testdb'
2024-09-30T17:17:59.758+05:30 DEBUG 7588 --- [secdemo1] [restartedMain] o.s.w.f.ServerHttpObservationFilter      : Filter 'webMvcObservationFilter' configured for use
2024-09-30T17:18:00.095+05:30  INFO 7588 --- [secdemo1] [restartedMain] o.s.o.j.p.SpringPersistenceUnitInfo      : No LoadTimeWeaver setup: ignoring JPA class transformer
2024-09-30T17:18:00.735+05:30  INFO 7588 --- [secdemo1] [restartedMain] j.LocalContainerEntityManagerFactoryBean : Initialized JPA EntityManagerFactory for persistence unit 'default'
2024-09-30T17:18:01.044+05:30  WARN 7588 --- [secdemo1] [restartedMain] JpaBaseConfiguration$JpaWebConfiguration : spring.jpa.open-in-view is enabled by default. Therefore, database queries may be performed during view rendering. Explicitly configure spring.jpa.open-in-view to disable this warning
2024-09-30T17:18:01.093+05:30  INFO 7588 --- [secdemo1] [restartedMain] eAuthenticationProviderManagerConfigurer : Global AuthenticationManager configured with AuthenticationProvider bean with name authenticationProvider
2024-09-30T17:18:01.093+05:30  WARN 7588 --- [secdemo1] [restartedMain] r$InitializeUserDetailsManagerConfigurer : Global AuthenticationManager configured with an AuthenticationProvider bean. UserDetailsService beans will not be used for username/password login. Consider removing the AuthenticationProvider bean. Alternatively, consider using the UserDetailsService in a manually instantiated DaoAuthenticationProvider.
2024-09-30T17:18:01.186+05:30 DEBUG 7588 --- [secdemo1] [restartedMain] s.w.s.m.m.a.RequestMappingHandlerMapping : 5 mappings in 'requestMappingHandlerMapping'
2024-09-30T17:18:01.281+05:30 DEBUG 7588 --- [secdemo1] [restartedMain] o.s.w.s.handler.SimpleUrlHandlerMapping  : Patterns [/webjars/**, /**] in 'resourceHandlerMapping'
2024-09-30T17:18:01.439+05:30  INFO 7588 --- [secdemo1] [restartedMain] o.s.b.a.e.web.EndpointLinksResolver      : Exposing 15 endpoints beneath base path '/actuator'
2024-09-30T17:18:01.585+05:30 DEBUG 7588 --- [secdemo1] [restartedMain] s.w.s.m.m.a.RequestMappingHandlerAdapter : ControllerAdvice beans: 0 @ModelAttribute, 0 @InitBinder, 1 RequestBodyAdvice, 1 ResponseBodyAdvice
2024-09-30T17:18:01.612+05:30 DEBUG 7588 --- [secdemo1] [restartedMain] .m.m.a.ExceptionHandlerExceptionResolver : ControllerAdvice beans: 0 @ExceptionHandler, 1 ResponseBodyAdvice
2024-09-30T17:18:01.793+05:30  INFO 7588 --- [secdemo1] [restartedMain] o.s.b.d.a.OptionalLiveReloadServer       : LiveReload server is running on port 35729
2024-09-30T17:18:01.851+05:30  INFO 7588 --- [secdemo1] [restartedMain] o.s.b.w.embedded.tomcat.TomcatWebServer  : Tomcat started on port 8080 (http) with context path '/'
2024-09-30T17:18:01.861+05:30  INFO 7588 --- [secdemo1] [restartedMain] com.bankapp.Secdemo1Application          : Started Secdemo1Application in 4.234 seconds (process running for 4.763)
2024-09-30T17:18:02.777+05:30  INFO 7588 --- [secdemo1] [RMI TCP Connection(9)-127.0.0.1] o.a.c.c.C.[Tomcat].[localhost].[/]       : Initializing Spring DispatcherServlet 'dispatcherServlet'
2024-09-30T17:18:02.777+05:30  INFO 7588 --- [secdemo1] [RMI TCP Connection(9)-127.0.0.1] o.s.web.servlet.DispatcherServlet        : Initializing Servlet 'dispatcherServlet'
2024-09-30T17:18:02.777+05:30 DEBUG 7588 --- [secdemo1] [RMI TCP Connection(9)-127.0.0.1] o.s.web.servlet.DispatcherServlet        : Detected StandardServletMultipartResolver
2024-09-30T17:18:02.777+05:30 DEBUG 7588 --- [secdemo1] [RMI TCP Connection(9)-127.0.0.1] o.s.web.servlet.DispatcherServlet        : Detected AcceptHeaderLocaleResolver
2024-09-30T17:18:02.778+05:30 DEBUG 7588 --- [secdemo1] [RMI TCP Connection(9)-127.0.0.1] o.s.web.servlet.DispatcherServlet        : Detected FixedThemeResolver
2024-09-30T17:18:02.778+05:30 DEBUG 7588 --- [secdemo1] [RMI TCP Connection(9)-127.0.0.1] o.s.web.servlet.DispatcherServlet        : Detected org.springframework.web.servlet.view.DefaultRequestToViewNameTranslator@61680573
2024-09-30T17:18:02.779+05:30 DEBUG 7588 --- [secdemo1] [RMI TCP Connection(9)-127.0.0.1] o.s.web.servlet.DispatcherServlet        : Detected org.springframework.web.servlet.support.SessionFlashMapManager@3f97a7a7
2024-09-30T17:18:02.779+05:30 DEBUG 7588 --- [secdemo1] [RMI TCP Connection(9)-127.0.0.1] o.s.web.servlet.DispatcherServlet        : enableLoggingRequestDetails='false': request parameters and headers will be masked to prevent unsafe logging of potentially sensitive data
2024-09-30T17:18:02.779+05:30  INFO 7588 --- [secdemo1] [RMI TCP Connection(9)-127.0.0.1] o.s.web.servlet.DispatcherServlet        : Completed initialization in 2 ms
2024-09-30T17:18:13.823+05:30 DEBUG 7588 --- [secdemo1] [http-nio-8080-exec-1] o.s.web.servlet.DispatcherServlet        : GET "/admin", parameters={}
2024-09-30T17:18:13.828+05:30 DEBUG 7588 --- [secdemo1] [http-nio-8080-exec-1] s.w.s.m.m.a.RequestMappingHandlerMapping : Mapped to com.bankapp.controller.BankController#admin()
2024-09-30T17:18:13.920+05:30 DEBUG 7588 --- [secdemo1] [http-nio-8080-exec-1] o.s.web.servlet.DispatcherServlet        : Failed to complete request: org.springframework.security.authorization.AuthorizationDeniedException: Access Denied
2024-09-30T17:18:13.937+05:30 DEBUG 7588 --- [secdemo1] [http-nio-8080-exec-1] o.s.web.servlet.DispatcherServlet        : "ERROR" dispatch for GET "/error", parameters={}
2024-09-30T17:18:13.939+05:30 DEBUG 7588 --- [secdemo1] [http-nio-8080-exec-1] s.w.s.m.m.a.RequestMappingHandlerMapping : Mapped to org.springframework.boot.autoconfigure.web.servlet.error.BasicErrorController#error(HttpServletRequest)
2024-09-30T17:18:13.969+05:30 DEBUG 7588 --- [secdemo1] [http-nio-8080-exec-1] o.s.w.s.m.m.a.HttpEntityMethodProcessor  : Using 'application/json', given [*/*] and supported [application/json, application/*+json]
2024-09-30T17:18:13.972+05:30 DEBUG 7588 --- [secdemo1] [http-nio-8080-exec-1] o.s.w.s.m.m.a.HttpEntityMethodProcessor  : Writing [{timestamp=Mon Sep 30 17:18:13 IST 2024, status=403, error=Forbidden, trace=org.springframework.secu (truncated)...]
2024-09-30T17:18:14.011+05:30 DEBUG 7588 --- [secdemo1] [http-nio-8080-exec-1] o.s.web.servlet.DispatcherServlet        : Exiting from "ERROR" dispatch, status 403
2024-09-30T17:18:25.651+05:30 DEBUG 7588 --- [secdemo1] [http-nio-8080-exec-2] o.s.web.servlet.DispatcherServlet        : GET "/mgr", parameters={}
2024-09-30T17:18:25.652+05:30 DEBUG 7588 --- [secdemo1] [http-nio-8080-exec-2] s.w.s.m.m.a.RequestMappingHandlerMapping : Mapped to com.bankapp.controller.BankController#mgr()
2024-09-30T17:18:25.657+05:30 DEBUG 7588 --- [secdemo1] [http-nio-8080-exec-2] o.s.web.servlet.DispatcherServlet        : Failed to complete request: org.springframework.security.authorization.AuthorizationDeniedException: Access Denied
2024-09-30T17:18:25.661+05:30 DEBUG 7588 --- [secdemo1] [http-nio-8080-exec-2] o.s.web.servlet.DispatcherServlet        : "ERROR" dispatch for GET "/error", parameters={}
2024-09-30T17:18:25.662+05:30 DEBUG 7588 --- [secdemo1] [http-nio-8080-exec-2] s.w.s.m.m.a.RequestMappingHandlerMapping : Mapped to org.springframework.boot.autoconfigure.web.servlet.error.BasicErrorController#error(HttpServletRequest)
2024-09-30T17:18:25.664+05:30 DEBUG 7588 --- [secdemo1] [http-nio-8080-exec-2] o.s.w.s.m.m.a.HttpEntityMethodProcessor  : Using 'application/json', given [*/*] and supported [application/json, application/*+json]
2024-09-30T17:18:25.665+05:30 DEBUG 7588 --- [secdemo1] [http-nio-8080-exec-2] o.s.w.s.m.m.a.HttpEntityMethodProcessor  : Writing [{timestamp=Mon Sep 30 17:18:25 IST 2024, status=403, error=Forbidden, trace=org.springframework.secu (truncated)...]
2024-09-30T17:18:25.668+05:30 DEBUG 7588 --- [secdemo1] [http-nio-8080-exec-2] o.s.web.servlet.DispatcherServlet        : Exiting from "ERROR" dispatch, status 403
2024-09-30T17:19:01.417+05:30  INFO 7588 --- [secdemo1] [File Watcher] rtingClassPathChangeChangedEventListener : Restarting due to 1 class path change (0 additions, 0 deletions, 1 modification)
2024-09-30T17:19:01.561+05:30  INFO 7588 --- [secdemo1] [Thread-5] j.LocalContainerEntityManagerFactoryBean : Closing JPA EntityManagerFactory for persistence unit 'default'
2024-09-30T17:19:01.565+05:30  WARN 7588 --- [secdemo1] [Thread-5] o.s.b.f.support.DisposableBeanAdapter    : Invocation of destroy method failed on bean with name 'inMemoryDatabaseShutdownExecutor': org.h2.jdbc.JdbcSQLNonTransientConnectionException: Database is already closed (to disable automatic closing at VM shutdown, add ";DB_CLOSE_ON_EXIT=FALSE" to the db URL) [90121-224]
2024-09-30T17:19:01.565+05:30  INFO 7588 --- [secdemo1] [Thread-5] com.zaxxer.hikari.HikariDataSource       : HikariPool-1 - Shutdown initiated...
2024-09-30T17:19:01.567+05:30  INFO 7588 --- [secdemo1] [Thread-5] com.zaxxer.hikari.HikariDataSource       : HikariPool-1 - Shutdown completed.
2024-09-30T17:19:01.640+05:30  INFO 7588 --- [secdemo1] [restartedMain] com.bankapp.Secdemo1Application          : Starting Secdemo1Application using Java 17.0.10 with PID 7588 (C:\ora_web_service_25sept_to_3oct\code\session-4\secdemo2\target\classes started by busyc in C:\ora_web_service_25sept_to_3oct\code\session-4\secdemo2)
2024-09-30T17:19:01.641+05:30  INFO 7588 --- [secdemo1] [restartedMain] com.bankapp.Secdemo1Application          : No active profile set, falling back to 1 default profile: "default"
2024-09-30T17:19:01.798+05:30  INFO 7588 --- [secdemo1] [restartedMain] .s.d.r.c.RepositoryConfigurationDelegate : Bootstrapping Spring Data JPA repositories in DEFAULT mode.
2024-09-30T17:19:01.802+05:30  INFO 7588 --- [secdemo1] [restartedMain] .s.d.r.c.RepositoryConfigurationDelegate : Finished Spring Data repository scanning in 4 ms. Found 1 JPA repository interface.
2024-09-30T17:19:01.907+05:30  INFO 7588 --- [secdemo1] [restartedMain] o.s.b.w.embedded.tomcat.TomcatWebServer  : Tomcat initialized with port 8080 (http)
2024-09-30T17:19:01.909+05:30  INFO 7588 --- [secdemo1] [restartedMain] o.apache.catalina.core.StandardService   : Starting service [Tomcat]
2024-09-30T17:19:01.910+05:30  INFO 7588 --- [secdemo1] [restartedMain] o.apache.catalina.core.StandardEngine    : Starting Servlet engine: [Apache Tomcat/10.1.30]
2024-09-30T17:19:01.925+05:30  INFO 7588 --- [secdemo1] [restartedMain] o.a.c.c.C.[Tomcat].[localhost].[/]       : Initializing Spring embedded WebApplicationContext
2024-09-30T17:19:01.925+05:30  INFO 7588 --- [secdemo1] [restartedMain] w.s.c.ServletWebServerApplicationContext : Root WebApplicationContext: initialization completed in 283 ms
2024-09-30T17:19:01.963+05:30  INFO 7588 --- [secdemo1] [restartedMain] com.zaxxer.hikari.HikariDataSource       : HikariPool-2 - Starting...
2024-09-30T17:19:01.965+05:30  INFO 7588 --- [secdemo1] [restartedMain] com.zaxxer.hikari.pool.HikariPool        : HikariPool-2 - Added connection conn10: url=jdbc:h2:mem:testdb user=SA
2024-09-30T17:19:01.965+05:30  INFO 7588 --- [secdemo1] [restartedMain] com.zaxxer.hikari.HikariDataSource       : HikariPool-2 - Start completed.
2024-09-30T17:19:01.965+05:30  INFO 7588 --- [secdemo1] [restartedMain] o.s.b.a.h2.H2ConsoleAutoConfiguration    : H2 console available at '/h2'. Database available at 'jdbc:h2:mem:testdb'
2024-09-30T17:19:01.990+05:30 DEBUG 7588 --- [secdemo1] [restartedMain] o.s.w.f.ServerHttpObservationFilter      : Filter 'webMvcObservationFilter' configured for use
2024-09-30T17:19:02.014+05:30  INFO 7588 --- [secdemo1] [restartedMain] o.s.o.j.p.SpringPersistenceUnitInfo      : No LoadTimeWeaver setup: ignoring JPA class transformer
2024-09-30T17:19:02.043+05:30  INFO 7588 --- [secdemo1] [restartedMain] j.LocalContainerEntityManagerFactoryBean : Initialized JPA EntityManagerFactory for persistence unit 'default'
2024-09-30T17:19:02.138+05:30  WARN 7588 --- [secdemo1] [restartedMain] JpaBaseConfiguration$JpaWebConfiguration : spring.jpa.open-in-view is enabled by default. Therefore, database queries may be performed during view rendering. Explicitly configure spring.jpa.open-in-view to disable this warning
2024-09-30T17:19:02.155+05:30  INFO 7588 --- [secdemo1] [restartedMain] eAuthenticationProviderManagerConfigurer : Global AuthenticationManager configured with AuthenticationProvider bean with name authenticationProvider
2024-09-30T17:19:02.155+05:30  WARN 7588 --- [secdemo1] [restartedMain] r$InitializeUserDetailsManagerConfigurer : Global AuthenticationManager configured with an AuthenticationProvider bean. UserDetailsService beans will not be used for username/password login. Consider removing the AuthenticationProvider bean. Alternatively, consider using the UserDetailsService in a manually instantiated DaoAuthenticationProvider.
2024-09-30T17:19:02.181+05:30 DEBUG 7588 --- [secdemo1] [restartedMain] s.w.s.m.m.a.RequestMappingHandlerMapping : 5 mappings in 'requestMappingHandlerMapping'
2024-09-30T17:19:02.238+05:30 DEBUG 7588 --- [secdemo1] [restartedMain] o.s.w.s.handler.SimpleUrlHandlerMapping  : Patterns [/webjars/**, /**] in 'resourceHandlerMapping'
2024-09-30T17:19:02.315+05:30  INFO 7588 --- [secdemo1] [restartedMain] o.s.b.a.e.web.EndpointLinksResolver      : Exposing 15 endpoints beneath base path '/actuator'
2024-09-30T17:19:02.399+05:30 DEBUG 7588 --- [secdemo1] [restartedMain] s.w.s.m.m.a.RequestMappingHandlerAdapter : ControllerAdvice beans: 0 @ModelAttribute, 0 @InitBinder, 1 RequestBodyAdvice, 1 ResponseBodyAdvice
2024-09-30T17:19:02.408+05:30 DEBUG 7588 --- [secdemo1] [restartedMain] .m.m.a.ExceptionHandlerExceptionResolver : ControllerAdvice beans: 0 @ExceptionHandler, 1 ResponseBodyAdvice
2024-09-30T17:19:02.503+05:30  INFO 7588 --- [secdemo1] [restartedMain] o.s.b.d.a.OptionalLiveReloadServer       : LiveReload server is running on port 35729
2024-09-30T17:19:02.517+05:30  INFO 7588 --- [secdemo1] [restartedMain] o.s.b.w.embedded.tomcat.TomcatWebServer  : Tomcat started on port 8080 (http) with context path '/'
2024-09-30T17:19:02.523+05:30  INFO 7588 --- [secdemo1] [restartedMain] com.bankapp.Secdemo1Application          : Started Secdemo1Application in 0.9 seconds (process running for 65.426)
2024-09-30T17:19:02.666+05:30  INFO 7588 --- [secdemo1] [restartedMain] .ConditionEvaluationDeltaLoggingListener : Condition evaluation unchanged
2024-09-30T17:19:06.342+05:30  INFO 7588 --- [secdemo1] [http-nio-8080-exec-2] o.a.c.c.C.[Tomcat].[localhost].[/]       : Initializing Spring DispatcherServlet 'dispatcherServlet'
2024-09-30T17:19:06.342+05:30  INFO 7588 --- [secdemo1] [http-nio-8080-exec-2] o.s.web.servlet.DispatcherServlet        : Initializing Servlet 'dispatcherServlet'
2024-09-30T17:19:06.342+05:30 DEBUG 7588 --- [secdemo1] [http-nio-8080-exec-2] o.s.web.servlet.DispatcherServlet        : Detected StandardServletMultipartResolver
2024-09-30T17:19:06.342+05:30 DEBUG 7588 --- [secdemo1] [http-nio-8080-exec-2] o.s.web.servlet.DispatcherServlet        : Detected AcceptHeaderLocaleResolver
2024-09-30T17:19:06.342+05:30 DEBUG 7588 --- [secdemo1] [http-nio-8080-exec-2] o.s.web.servlet.DispatcherServlet        : Detected FixedThemeResolver
2024-09-30T17:19:06.343+05:30 DEBUG 7588 --- [secdemo1] [http-nio-8080-exec-2] o.s.web.servlet.DispatcherServlet        : Detected org.springframework.web.servlet.view.DefaultRequestToViewNameTranslator@7b23911a
2024-09-30T17:19:06.343+05:30 DEBUG 7588 --- [secdemo1] [http-nio-8080-exec-2] o.s.web.servlet.DispatcherServlet        : Detected org.springframework.web.servlet.support.SessionFlashMapManager@4b00b1ac
2024-09-30T17:19:06.343+05:30 DEBUG 7588 --- [secdemo1] [http-nio-8080-exec-2] o.s.web.servlet.DispatcherServlet        : enableLoggingRequestDetails='false': request parameters and headers will be masked to prevent unsafe logging of potentially sensitive data
2024-09-30T17:19:06.343+05:30  INFO 7588 --- [secdemo1] [http-nio-8080-exec-2] o.s.web.servlet.DispatcherServlet        : Completed initialization in 1 ms
2024-09-30T17:19:06.477+05:30 DEBUG 7588 --- [secdemo1] [http-nio-8080-exec-2] o.s.web.servlet.DispatcherServlet        : GET "/mgr", parameters={}
2024-09-30T17:19:06.479+05:30 DEBUG 7588 --- [secdemo1] [http-nio-8080-exec-2] s.w.s.m.m.a.RequestMappingHandlerMapping : Mapped to com.bankapp.controller.BankController#mgr()
2024-09-30T17:19:06.481+05:30 DEBUG 7588 --- [secdemo1] [http-nio-8080-exec-2] m.m.a.RequestResponseBodyMethodProcessor : Using 'text/plain', given [*/*] and supported [text/plain, */*, application/json, application/*+json]
2024-09-30T17:19:06.481+05:30 DEBUG 7588 --- [secdemo1] [http-nio-8080-exec-2] m.m.a.RequestResponseBodyMethodProcessor : Writing ["mgr"]
2024-09-30T17:19:06.482+05:30 DEBUG 7588 --- [secdemo1] [http-nio-8080-exec-2] o.s.web.servlet.DispatcherServlet        : Completed 200 OK
2024-09-30T17:19:14.617+05:30 DEBUG 7588 --- [secdemo1] [http-nio-8080-exec-3] o.s.web.servlet.DispatcherServlet        : GET "/admin", parameters={}
2024-09-30T17:19:14.618+05:30 DEBUG 7588 --- [secdemo1] [http-nio-8080-exec-3] s.w.s.m.m.a.RequestMappingHandlerMapping : Mapped to com.bankapp.controller.BankController#admin()
2024-09-30T17:19:14.623+05:30 DEBUG 7588 --- [secdemo1] [http-nio-8080-exec-3] o.s.web.servlet.DispatcherServlet        : Failed to complete request: org.springframework.security.authorization.AuthorizationDeniedException: Access Denied
2024-09-30T17:19:14.627+05:30 DEBUG 7588 --- [secdemo1] [http-nio-8080-exec-3] o.s.web.servlet.DispatcherServlet        : "ERROR" dispatch for GET "/error", parameters={}
2024-09-30T17:19:14.628+05:30 DEBUG 7588 --- [secdemo1] [http-nio-8080-exec-3] s.w.s.m.m.a.RequestMappingHandlerMapping : Mapped to org.springframework.boot.autoconfigure.web.servlet.error.BasicErrorController#error(HttpServletRequest)
2024-09-30T17:19:14.632+05:30 DEBUG 7588 --- [secdemo1] [http-nio-8080-exec-3] o.s.w.s.m.m.a.HttpEntityMethodProcessor  : Using 'application/json', given [*/*] and supported [application/json, application/*+json]
2024-09-30T17:19:14.633+05:30 DEBUG 7588 --- [secdemo1] [http-nio-8080-exec-3] o.s.w.s.m.m.a.HttpEntityMethodProcessor  : Writing [{timestamp=Mon Sep 30 17:19:14 IST 2024, status=403, error=Forbidden, trace=org.springframework.secu (truncated)...]
2024-09-30T17:19:14.639+05:30 DEBUG 7588 --- [secdemo1] [http-nio-8080-exec-3] o.s.web.servlet.DispatcherServlet        : Exiting from "ERROR" dispatch, status 403
2024-09-30T17:31:23.176+05:30  INFO 7588 --- [secdemo1] [File Watcher] rtingClassPathChangeChangedEventListener : Restarting due to 1 class path change (1 addition, 0 deletions, 0 modifications)
2024-09-30T17:31:24.041+05:30  INFO 7588 --- [secdemo1] [Thread-7] j.LocalContainerEntityManagerFactoryBean : Closing JPA EntityManagerFactory for persistence unit 'default'
2024-09-30T17:31:24.043+05:30  WARN 7588 --- [secdemo1] [Thread-7] o.s.b.f.support.DisposableBeanAdapter    : Invocation of destroy method failed on bean with name 'inMemoryDatabaseShutdownExecutor': org.h2.jdbc.JdbcSQLNonTransientConnectionException: Database is already closed (to disable automatic closing at VM shutdown, add ";DB_CLOSE_ON_EXIT=FALSE" to the db URL) [90121-224]
2024-09-30T17:31:24.043+05:30  INFO 7588 --- [secdemo1] [Thread-7] com.zaxxer.hikari.HikariDataSource       : HikariPool-2 - Shutdown initiated...
2024-09-30T17:31:24.044+05:30  INFO 7588 --- [secdemo1] [Thread-7] com.zaxxer.hikari.HikariDataSource       : HikariPool-2 - Shutdown completed.
2024-09-30T17:31:24.113+05:30  INFO 7588 --- [secdemo1] [restartedMain] com.bankapp.Secdemo1Application          : Starting Secdemo1Application using Java 17.0.10 with PID 7588 (C:\ora_web_service_25sept_to_3oct\code\session-4\secdemo2\target\classes started by busyc in C:\ora_web_service_25sept_to_3oct\code\session-4\secdemo2)
2024-09-30T17:31:24.113+05:30  INFO 7588 --- [secdemo1] [restartedMain] com.bankapp.Secdemo1Application          : No active profile set, falling back to 1 default profile: "default"
2024-09-30T17:31:24.248+05:30  INFO 7588 --- [secdemo1] [restartedMain] .s.d.r.c.RepositoryConfigurationDelegate : Bootstrapping Spring Data JPA repositories in DEFAULT mode.
2024-09-30T17:31:24.252+05:30  INFO 7588 --- [secdemo1] [restartedMain] .s.d.r.c.RepositoryConfigurationDelegate : Finished Spring Data repository scanning in 4 ms. Found 1 JPA repository interface.
2024-09-30T17:31:24.348+05:30  INFO 7588 --- [secdemo1] [restartedMain] o.s.b.w.embedded.tomcat.TomcatWebServer  : Tomcat initialized with port 8080 (http)
2024-09-30T17:31:24.349+05:30  INFO 7588 --- [secdemo1] [restartedMain] o.apache.catalina.core.StandardService   : Starting service [Tomcat]
2024-09-30T17:31:24.349+05:30  INFO 7588 --- [secdemo1] [restartedMain] o.apache.catalina.core.StandardEngine    : Starting Servlet engine: [Apache Tomcat/10.1.30]
2024-09-30T17:31:24.357+05:30  INFO 7588 --- [secdemo1] [restartedMain] o.a.c.c.C.[Tomcat].[localhost].[/]       : Initializing Spring embedded WebApplicationContext
2024-09-30T17:31:24.357+05:30  INFO 7588 --- [secdemo1] [restartedMain] w.s.c.ServletWebServerApplicationContext : Root WebApplicationContext: initialization completed in 243 ms
2024-09-30T17:31:24.396+05:30  INFO 7588 --- [secdemo1] [restartedMain] com.zaxxer.hikari.HikariDataSource       : HikariPool-3 - Starting...
2024-09-30T17:31:24.398+05:30  INFO 7588 --- [secdemo1] [restartedMain] com.zaxxer.hikari.pool.HikariPool        : HikariPool-3 - Added connection conn20: url=jdbc:h2:mem:testdb user=SA
2024-09-30T17:31:24.398+05:30  INFO 7588 --- [secdemo1] [restartedMain] com.zaxxer.hikari.HikariDataSource       : HikariPool-3 - Start completed.
2024-09-30T17:31:24.398+05:30  INFO 7588 --- [secdemo1] [restartedMain] o.s.b.a.h2.H2ConsoleAutoConfiguration    : H2 console available at '/h2'. Database available at 'jdbc:h2:mem:testdb'
2024-09-30T17:31:24.424+05:30 DEBUG 7588 --- [secdemo1] [restartedMain] o.s.w.f.ServerHttpObservationFilter      : Filter 'webMvcObservationFilter' configured for use
2024-09-30T17:31:24.449+05:30  INFO 7588 --- [secdemo1] [restartedMain] o.s.o.j.p.SpringPersistenceUnitInfo      : No LoadTimeWeaver setup: ignoring JPA class transformer
2024-09-30T17:31:24.473+05:30  INFO 7588 --- [secdemo1] [restartedMain] j.LocalContainerEntityManagerFactoryBean : Initialized JPA EntityManagerFactory for persistence unit 'default'
2024-09-30T17:31:24.567+05:30  WARN 7588 --- [secdemo1] [restartedMain] JpaBaseConfiguration$JpaWebConfiguration : spring.jpa.open-in-view is enabled by default. Therefore, database queries may be performed during view rendering. Explicitly configure spring.jpa.open-in-view to disable this warning
2024-09-30T17:31:24.584+05:30  INFO 7588 --- [secdemo1] [restartedMain] eAuthenticationProviderManagerConfigurer : Global AuthenticationManager configured with AuthenticationProvider bean with name authenticationProvider
2024-09-30T17:31:24.584+05:30  WARN 7588 --- [secdemo1] [restartedMain] r$InitializeUserDetailsManagerConfigurer : Global AuthenticationManager configured with an AuthenticationProvider bean. UserDetailsService beans will not be used for username/password login. Consider removing the AuthenticationProvider bean. Alternatively, consider using the UserDetailsService in a manually instantiated DaoAuthenticationProvider.
2024-09-30T17:31:24.611+05:30 DEBUG 7588 --- [secdemo1] [restartedMain] s.w.s.m.m.a.RequestMappingHandlerMapping : 5 mappings in 'requestMappingHandlerMapping'
2024-09-30T17:31:24.669+05:30 DEBUG 7588 --- [secdemo1] [restartedMain] o.s.w.s.handler.SimpleUrlHandlerMapping  : Patterns [/webjars/**, /**] in 'resourceHandlerMapping'
2024-09-30T17:31:24.751+05:30  INFO 7588 --- [secdemo1] [restartedMain] o.s.b.a.e.web.EndpointLinksResolver      : Exposing 15 endpoints beneath base path '/actuator'
2024-09-30T17:31:24.836+05:30 DEBUG 7588 --- [secdemo1] [restartedMain] s.w.s.m.m.a.RequestMappingHandlerAdapter : ControllerAdvice beans: 0 @ModelAttribute, 0 @InitBinder, 1 RequestBodyAdvice, 1 ResponseBodyAdvice
2024-09-30T17:31:24.845+05:30 DEBUG 7588 --- [secdemo1] [restartedMain] .m.m.a.ExceptionHandlerExceptionResolver : ControllerAdvice beans: 0 @ExceptionHandler, 1 ResponseBodyAdvice
2024-09-30T17:31:24.956+05:30  INFO 7588 --- [secdemo1] [restartedMain] o.s.b.d.a.OptionalLiveReloadServer       : LiveReload server is running on port 35729
2024-09-30T17:31:24.971+05:30  INFO 7588 --- [secdemo1] [restartedMain] o.s.b.w.embedded.tomcat.TomcatWebServer  : Tomcat started on port 8080 (http) with context path '/'
2024-09-30T17:31:24.978+05:30  INFO 7588 --- [secdemo1] [restartedMain] com.bankapp.Secdemo1Application          : Started Secdemo1Application in 0.88 seconds (process running for 807.88)
2024-09-30T17:31:25.116+05:30  INFO 7588 --- [secdemo1] [restartedMain] .ConditionEvaluationDeltaLoggingListener : Condition evaluation unchanged
2024-09-30T17:31:25.517+05:30  INFO 7588 --- [secdemo1] [RMI TCP Connection(28)-127.0.0.1] inMXBeanRegistrar$SpringApplicationAdmin : Application shutdown requested.
2024-09-30T17:31:25.661+05:30  INFO 7588 --- [secdemo1] [RMI TCP Connection(28)-127.0.0.1] j.LocalContainerEntityManagerFactoryBean : Closing JPA EntityManagerFactory for persistence unit 'default'
2024-09-30T17:31:25.662+05:30  WARN 7588 --- [secdemo1] [RMI TCP Connection(28)-127.0.0.1] o.s.b.f.support.DisposableBeanAdapter    : Invocation of destroy method failed on bean with name 'inMemoryDatabaseShutdownExecutor': org.h2.jdbc.JdbcSQLNonTransientConnectionException: Database is already closed (to disable automatic closing at VM shutdown, add ";DB_CLOSE_ON_EXIT=FALSE" to the db URL) [90121-224]
2024-09-30T17:31:25.662+05:30  INFO 7588 --- [secdemo1] [RMI TCP Connection(28)-127.0.0.1] com.zaxxer.hikari.HikariDataSource       : HikariPool-3 - Shutdown initiated...
2024-09-30T17:31:25.665+05:30  INFO 7588 --- [secdemo1] [RMI TCP Connection(28)-127.0.0.1] com.zaxxer.hikari.HikariDataSource       : HikariPool-3 - Shutdown completed.
2024-09-30T17:34:53.416+05:30  INFO 4624 --- [secdemo1] [restartedMain] com.bankapp.Secdemo1Application          : Starting Secdemo1Application using Java 17.0.10 with PID 4624 (C:\ora_web_service_25sept_to_3oct\code\session-4\secdemo2\target\classes started by busyc in C:\ora_web_service_25sept_to_3oct\code\session-4\secdemo2)
2024-09-30T17:34:53.417+05:30  INFO 4624 --- [secdemo1] [restartedMain] com.bankapp.Secdemo1Application          : No active profile set, falling back to 1 default profile: "default"
2024-09-30T17:34:53.455+05:30  INFO 4624 --- [secdemo1] [restartedMain] .e.DevToolsPropertyDefaultsPostProcessor : Devtools property defaults active! Set 'spring.devtools.add-properties' to 'false' to disable
2024-09-30T17:34:53.455+05:30  INFO 4624 --- [secdemo1] [restartedMain] .e.DevToolsPropertyDefaultsPostProcessor : For additional web related logging consider setting the 'logging.level.web' property to 'DEBUG'
2024-09-30T17:34:54.093+05:30  INFO 4624 --- [secdemo1] [restartedMain] .s.d.r.c.RepositoryConfigurationDelegate : Bootstrapping Spring Data JPA repositories in DEFAULT mode.
2024-09-30T17:34:54.131+05:30  INFO 4624 --- [secdemo1] [restartedMain] .s.d.r.c.RepositoryConfigurationDelegate : Finished Spring Data repository scanning in 32 ms. Found 1 JPA repository interface.
2024-09-30T17:34:54.643+05:30  INFO 4624 --- [secdemo1] [restartedMain] o.s.b.w.embedded.tomcat.TomcatWebServer  : Tomcat initialized with port 8080 (http)
2024-09-30T17:34:54.651+05:30  INFO 4624 --- [secdemo1] [restartedMain] o.apache.catalina.core.StandardService   : Starting service [Tomcat]
2024-09-30T17:34:54.652+05:30  INFO 4624 --- [secdemo1] [restartedMain] o.apache.catalina.core.StandardEngine    : Starting Servlet engine: [Apache Tomcat/10.1.30]
2024-09-30T17:34:54.691+05:30  INFO 4624 --- [secdemo1] [restartedMain] o.a.c.c.C.[Tomcat].[localhost].[/]       : Initializing Spring embedded WebApplicationContext
2024-09-30T17:34:54.692+05:30  INFO 4624 --- [secdemo1] [restartedMain] w.s.c.ServletWebServerApplicationContext : Root WebApplicationContext: initialization completed in 1236 ms
2024-09-30T17:34:54.784+05:30  INFO 4624 --- [secdemo1] [restartedMain] com.zaxxer.hikari.HikariDataSource       : HikariPool-1 - Starting...
2024-09-30T17:34:54.902+05:30  INFO 4624 --- [secdemo1] [restartedMain] com.zaxxer.hikari.pool.HikariPool        : HikariPool-1 - Added connection conn0: url=jdbc:h2:mem:testdb user=SA
2024-09-30T17:34:54.903+05:30  INFO 4624 --- [secdemo1] [restartedMain] com.zaxxer.hikari.HikariDataSource       : HikariPool-1 - Start completed.
2024-09-30T17:34:54.910+05:30  INFO 4624 --- [secdemo1] [restartedMain] o.s.b.a.h2.H2ConsoleAutoConfiguration    : H2 console available at '/h2'. Database available at 'jdbc:h2:mem:testdb'
2024-09-30T17:34:54.982+05:30 DEBUG 4624 --- [secdemo1] [restartedMain] o.s.w.f.ServerHttpObservationFilter      : Filter 'webMvcObservationFilter' configured for use
2024-09-30T17:34:55.270+05:30  INFO 4624 --- [secdemo1] [restartedMain] o.s.o.j.p.SpringPersistenceUnitInfo      : No LoadTimeWeaver setup: ignoring JPA class transformer
2024-09-30T17:34:55.897+05:30  INFO 4624 --- [secdemo1] [restartedMain] j.LocalContainerEntityManagerFactoryBean : Initialized JPA EntityManagerFactory for persistence unit 'default'
2024-09-30T17:34:56.197+05:30  WARN 4624 --- [secdemo1] [restartedMain] JpaBaseConfiguration$JpaWebConfiguration : spring.jpa.open-in-view is enabled by default. Therefore, database queries may be performed during view rendering. Explicitly configure spring.jpa.open-in-view to disable this warning
2024-09-30T17:34:56.236+05:30  INFO 4624 --- [secdemo1] [restartedMain] eAuthenticationProviderManagerConfigurer : Global AuthenticationManager configured with AuthenticationProvider bean with name authenticationProvider
2024-09-30T17:34:56.236+05:30  WARN 4624 --- [secdemo1] [restartedMain] r$InitializeUserDetailsManagerConfigurer : Global AuthenticationManager configured with an AuthenticationProvider bean. UserDetailsService beans will not be used for username/password login. Consider removing the AuthenticationProvider bean. Alternatively, consider using the UserDetailsService in a manually instantiated DaoAuthenticationProvider.
2024-09-30T17:34:56.342+05:30 DEBUG 4624 --- [secdemo1] [restartedMain] s.w.s.m.m.a.RequestMappingHandlerMapping : 5 mappings in 'requestMappingHandlerMapping'
2024-09-30T17:34:56.435+05:30 DEBUG 4624 --- [secdemo1] [restartedMain] o.s.w.s.handler.SimpleUrlHandlerMapping  : Patterns [/webjars/**, /**] in 'resourceHandlerMapping'
2024-09-30T17:34:56.616+05:30  INFO 4624 --- [secdemo1] [restartedMain] o.s.b.a.e.web.EndpointLinksResolver      : Exposing 15 endpoints beneath base path '/actuator'
2024-09-30T17:34:56.759+05:30 DEBUG 4624 --- [secdemo1] [restartedMain] s.w.s.m.m.a.RequestMappingHandlerAdapter : ControllerAdvice beans: 0 @ModelAttribute, 0 @InitBinder, 1 RequestBodyAdvice, 1 ResponseBodyAdvice
2024-09-30T17:34:56.786+05:30 DEBUG 4624 --- [secdemo1] [restartedMain] .m.m.a.ExceptionHandlerExceptionResolver : ControllerAdvice beans: 0 @ExceptionHandler, 1 ResponseBodyAdvice
2024-09-30T17:34:56.977+05:30  INFO 4624 --- [secdemo1] [restartedMain] o.s.b.d.a.OptionalLiveReloadServer       : LiveReload server is running on port 35729
2024-09-30T17:34:57.027+05:30  INFO 4624 --- [secdemo1] [restartedMain] o.s.b.w.embedded.tomcat.TomcatWebServer  : Tomcat started on port 8080 (http) with context path '/'
2024-09-30T17:34:57.041+05:30  INFO 4624 --- [secdemo1] [restartedMain] com.bankapp.Secdemo1Application          : Started Secdemo1Application in 3.946 seconds (process running for 4.425)
2024-09-30T17:34:57.476+05:30  INFO 4624 --- [secdemo1] [RMI TCP Connection(8)-127.0.0.1] o.a.c.c.C.[Tomcat].[localhost].[/]       : Initializing Spring DispatcherServlet 'dispatcherServlet'
2024-09-30T17:34:57.476+05:30  INFO 4624 --- [secdemo1] [RMI TCP Connection(8)-127.0.0.1] o.s.web.servlet.DispatcherServlet        : Initializing Servlet 'dispatcherServlet'
2024-09-30T17:34:57.476+05:30 DEBUG 4624 --- [secdemo1] [RMI TCP Connection(8)-127.0.0.1] o.s.web.servlet.DispatcherServlet        : Detected StandardServletMultipartResolver
2024-09-30T17:34:57.476+05:30 DEBUG 4624 --- [secdemo1] [RMI TCP Connection(8)-127.0.0.1] o.s.web.servlet.DispatcherServlet        : Detected AcceptHeaderLocaleResolver
2024-09-30T17:34:57.477+05:30 DEBUG 4624 --- [secdemo1] [RMI TCP Connection(8)-127.0.0.1] o.s.web.servlet.DispatcherServlet        : Detected FixedThemeResolver
2024-09-30T17:34:57.477+05:30 DEBUG 4624 --- [secdemo1] [RMI TCP Connection(8)-127.0.0.1] o.s.web.servlet.DispatcherServlet        : Detected org.springframework.web.servlet.view.DefaultRequestToViewNameTranslator@2d8676a2
2024-09-30T17:34:57.478+05:30 DEBUG 4624 --- [secdemo1] [RMI TCP Connection(8)-127.0.0.1] o.s.web.servlet.DispatcherServlet        : Detected org.springframework.web.servlet.support.SessionFlashMapManager@21da5652
2024-09-30T17:34:57.478+05:30 DEBUG 4624 --- [secdemo1] [RMI TCP Connection(8)-127.0.0.1] o.s.web.servlet.DispatcherServlet        : enableLoggingRequestDetails='false': request parameters and headers will be masked to prevent unsafe logging of potentially sensitive data
2024-09-30T17:34:57.478+05:30  INFO 4624 --- [secdemo1] [RMI TCP Connection(8)-127.0.0.1] o.s.web.servlet.DispatcherServlet        : Completed initialization in 2 ms
2024-09-30T17:36:15.182+05:30  INFO 4624 --- [secdemo1] [File Watcher] rtingClassPathChangeChangedEventListener : Restarting due to 1 class path change (1 addition, 0 deletions, 0 modifications)
2024-09-30T17:36:15.732+05:30  INFO 4624 --- [secdemo1] [Thread-5] j.LocalContainerEntityManagerFactoryBean : Closing JPA EntityManagerFactory for persistence unit 'default'
2024-09-30T17:36:15.742+05:30  WARN 4624 --- [secdemo1] [Thread-5] o.s.b.f.support.DisposableBeanAdapter    : Invocation of destroy method failed on bean with name 'inMemoryDatabaseShutdownExecutor': org.h2.jdbc.JdbcSQLNonTransientConnectionException: Database is already closed (to disable automatic closing at VM shutdown, add ";DB_CLOSE_ON_EXIT=FALSE" to the db URL) [90121-224]
2024-09-30T17:36:15.745+05:30  INFO 4624 --- [secdemo1] [Thread-5] com.zaxxer.hikari.HikariDataSource       : HikariPool-1 - Shutdown initiated...
2024-09-30T17:36:15.749+05:30  INFO 4624 --- [secdemo1] [Thread-5] com.zaxxer.hikari.HikariDataSource       : HikariPool-1 - Shutdown completed.
2024-09-30T17:36:15.909+05:30  INFO 4624 --- [secdemo1] [restartedMain] com.bankapp.Secdemo1Application          : Starting Secdemo1Application using Java 17.0.10 with PID 4624 (C:\ora_web_service_25sept_to_3oct\code\session-4\secdemo2\target\classes started by busyc in C:\ora_web_service_25sept_to_3oct\code\session-4\secdemo2)
2024-09-30T17:36:15.909+05:30  INFO 4624 --- [secdemo1] [restartedMain] com.bankapp.Secdemo1Application          : No active profile set, falling back to 1 default profile: "default"
2024-09-30T17:36:16.516+05:30  INFO 4624 --- [secdemo1] [restartedMain] .s.d.r.c.RepositoryConfigurationDelegate : Bootstrapping Spring Data JPA repositories in DEFAULT mode.
2024-09-30T17:36:16.532+05:30  INFO 4624 --- [secdemo1] [restartedMain] .s.d.r.c.RepositoryConfigurationDelegate : Finished Spring Data repository scanning in 16 ms. Found 1 JPA repository interface.
2024-09-30T17:36:16.767+05:30  INFO 4624 --- [secdemo1] [restartedMain] o.s.b.w.embedded.tomcat.TomcatWebServer  : Tomcat initialized with port 8080 (http)
2024-09-30T17:36:16.768+05:30  INFO 4624 --- [secdemo1] [restartedMain] o.apache.catalina.core.StandardService   : Starting service [Tomcat]
2024-09-30T17:36:16.768+05:30  INFO 4624 --- [secdemo1] [restartedMain] o.apache.catalina.core.StandardEngine    : Starting Servlet engine: [Apache Tomcat/10.1.30]
2024-09-30T17:36:16.783+05:30  INFO 4624 --- [secdemo1] [restartedMain] o.a.c.c.C.[Tomcat].[localhost].[/]       : Initializing Spring embedded WebApplicationContext
2024-09-30T17:36:16.783+05:30  INFO 4624 --- [secdemo1] [restartedMain] w.s.c.ServletWebServerApplicationContext : Root WebApplicationContext: initialization completed in 870 ms
2024-09-30T17:36:16.821+05:30  INFO 4624 --- [secdemo1] [restartedMain] com.zaxxer.hikari.HikariDataSource       : HikariPool-2 - Starting...
2024-09-30T17:36:16.822+05:30  INFO 4624 --- [secdemo1] [restartedMain] com.zaxxer.hikari.pool.HikariPool        : HikariPool-2 - Added connection conn10: url=jdbc:h2:mem:testdb user=SA
2024-09-30T17:36:16.822+05:30  INFO 4624 --- [secdemo1] [restartedMain] com.zaxxer.hikari.HikariDataSource       : HikariPool-2 - Start completed.
2024-09-30T17:36:16.823+05:30  INFO 4624 --- [secdemo1] [restartedMain] o.s.b.a.h2.H2ConsoleAutoConfiguration    : H2 console available at '/h2'. Database available at 'jdbc:h2:mem:testdb'
2024-09-30T17:36:16.852+05:30 DEBUG 4624 --- [secdemo1] [restartedMain] o.s.w.f.ServerHttpObservationFilter      : Filter 'webMvcObservationFilter' configured for use
2024-09-30T17:36:16.876+05:30  INFO 4624 --- [secdemo1] [restartedMain] o.s.o.j.p.SpringPersistenceUnitInfo      : No LoadTimeWeaver setup: ignoring JPA class transformer
2024-09-30T17:36:16.905+05:30  INFO 4624 --- [secdemo1] [restartedMain] j.LocalContainerEntityManagerFactoryBean : Initialized JPA EntityManagerFactory for persistence unit 'default'
2024-09-30T17:36:17.008+05:30  WARN 4624 --- [secdemo1] [restartedMain] JpaBaseConfiguration$JpaWebConfiguration : spring.jpa.open-in-view is enabled by default. Therefore, database queries may be performed during view rendering. Explicitly configure spring.jpa.open-in-view to disable this warning
2024-09-30T17:36:17.024+05:30  INFO 4624 --- [secdemo1] [restartedMain] eAuthenticationProviderManagerConfigurer : Global AuthenticationManager configured with AuthenticationProvider bean with name authenticationProvider
2024-09-30T17:36:17.024+05:30  WARN 4624 --- [secdemo1] [restartedMain] r$InitializeUserDetailsManagerConfigurer : Global AuthenticationManager configured with an AuthenticationProvider bean. UserDetailsService beans will not be used for username/password login. Consider removing the AuthenticationProvider bean. Alternatively, consider using the UserDetailsService in a manually instantiated DaoAuthenticationProvider.
2024-09-30T17:36:17.052+05:30 DEBUG 4624 --- [secdemo1] [restartedMain] s.w.s.m.m.a.RequestMappingHandlerMapping : 5 mappings in 'requestMappingHandlerMapping'
2024-09-30T17:36:17.106+05:30 DEBUG 4624 --- [secdemo1] [restartedMain] o.s.w.s.handler.SimpleUrlHandlerMapping  : Patterns [/webjars/**, /**] in 'resourceHandlerMapping'
2024-09-30T17:36:17.189+05:30  INFO 4624 --- [secdemo1] [restartedMain] o.s.b.a.e.web.EndpointLinksResolver      : Exposing 15 endpoints beneath base path '/actuator'
2024-09-30T17:36:17.274+05:30 DEBUG 4624 --- [secdemo1] [restartedMain] s.w.s.m.m.a.RequestMappingHandlerAdapter : ControllerAdvice beans: 0 @ModelAttribute, 0 @InitBinder, 1 RequestBodyAdvice, 1 ResponseBodyAdvice
2024-09-30T17:36:17.285+05:30 DEBUG 4624 --- [secdemo1] [restartedMain] .m.m.a.ExceptionHandlerExceptionResolver : ControllerAdvice beans: 0 @ExceptionHandler, 1 ResponseBodyAdvice
2024-09-30T17:36:17.384+05:30  INFO 4624 --- [secdemo1] [restartedMain] o.s.b.d.a.OptionalLiveReloadServer       : LiveReload server is running on port 35729
2024-09-30T17:36:17.399+05:30  INFO 4624 --- [secdemo1] [restartedMain] o.s.b.w.embedded.tomcat.TomcatWebServer  : Tomcat started on port 8080 (http) with context path '/'
2024-09-30T17:36:17.405+05:30  INFO 4624 --- [secdemo1] [restartedMain] com.bankapp.Secdemo1Application          : Started Secdemo1Application in 1.555 seconds (process running for 84.79)
2024-09-30T17:36:17.547+05:30  INFO 4624 --- [secdemo1] [restartedMain] .ConditionEvaluationDeltaLoggingListener : Condition evaluation unchanged
2024-09-30T17:36:17.962+05:30  INFO 4624 --- [secdemo1] [RMI TCP Connection(12)-127.0.0.1] inMXBeanRegistrar$SpringApplicationAdmin : Application shutdown requested.
2024-09-30T17:36:18.103+05:30  INFO 4624 --- [secdemo1] [RMI TCP Connection(12)-127.0.0.1] j.LocalContainerEntityManagerFactoryBean : Closing JPA EntityManagerFactory for persistence unit 'default'
2024-09-30T17:36:18.104+05:30  WARN 4624 --- [secdemo1] [RMI TCP Connection(12)-127.0.0.1] o.s.b.f.support.DisposableBeanAdapter    : Invocation of destroy method failed on bean with name 'inMemoryDatabaseShutdownExecutor': org.h2.jdbc.JdbcSQLNonTransientConnectionException: Database is already closed (to disable automatic closing at VM shutdown, add ";DB_CLOSE_ON_EXIT=FALSE" to the db URL) [90121-224]
2024-09-30T17:36:18.104+05:30  INFO 4624 --- [secdemo1] [RMI TCP Connection(12)-127.0.0.1] com.zaxxer.hikari.HikariDataSource       : HikariPool-2 - Shutdown initiated...
2024-09-30T17:36:18.105+05:30  INFO 4624 --- [secdemo1] [RMI TCP Connection(12)-127.0.0.1] com.zaxxer.hikari.HikariDataSource       : HikariPool-2 - Shutdown completed.
2024-09-30T17:42:52.197+05:30  INFO 1824 --- [secdemo1] [restartedMain] com.bankapp.Secdemo1Application          : Starting Secdemo1Application using Java 17.0.10 with PID 1824 (C:\ora_web_service_25sept_to_3oct\code\session-4\secdemo2\target\classes started by busyc in C:\ora_web_service_25sept_to_3oct\code\session-4\secdemo2)
2024-09-30T17:42:52.199+05:30  INFO 1824 --- [secdemo1] [restartedMain] com.bankapp.Secdemo1Application          : No active profile set, falling back to 1 default profile: "default"
2024-09-30T17:42:52.237+05:30  INFO 1824 --- [secdemo1] [restartedMain] .e.DevToolsPropertyDefaultsPostProcessor : Devtools property defaults active! Set 'spring.devtools.add-properties' to 'false' to disable
2024-09-30T17:42:52.237+05:30  INFO 1824 --- [secdemo1] [restartedMain] .e.DevToolsPropertyDefaultsPostProcessor : For additional web related logging consider setting the 'logging.level.web' property to 'DEBUG'
2024-09-30T17:42:52.857+05:30  INFO 1824 --- [secdemo1] [restartedMain] .s.d.r.c.RepositoryConfigurationDelegate : Bootstrapping Spring Data JPA repositories in DEFAULT mode.
2024-09-30T17:42:52.895+05:30  INFO 1824 --- [secdemo1] [restartedMain] .s.d.r.c.RepositoryConfigurationDelegate : Finished Spring Data repository scanning in 33 ms. Found 1 JPA repository interface.
2024-09-30T17:42:53.403+05:30  INFO 1824 --- [secdemo1] [restartedMain] o.s.b.w.embedded.tomcat.TomcatWebServer  : Tomcat initialized with port 8080 (http)
2024-09-30T17:42:53.411+05:30  INFO 1824 --- [secdemo1] [restartedMain] o.apache.catalina.core.StandardService   : Starting service [Tomcat]
2024-09-30T17:42:53.412+05:30  INFO 1824 --- [secdemo1] [restartedMain] o.apache.catalina.core.StandardEngine    : Starting Servlet engine: [Apache Tomcat/10.1.30]
2024-09-30T17:42:53.459+05:30  INFO 1824 --- [secdemo1] [restartedMain] o.a.c.c.C.[Tomcat].[localhost].[/]       : Initializing Spring embedded WebApplicationContext
2024-09-30T17:42:53.460+05:30  INFO 1824 --- [secdemo1] [restartedMain] w.s.c.ServletWebServerApplicationContext : Root WebApplicationContext: initialization completed in 1222 ms
2024-09-30T17:42:53.547+05:30  INFO 1824 --- [secdemo1] [restartedMain] com.zaxxer.hikari.HikariDataSource       : HikariPool-1 - Starting...
2024-09-30T17:42:53.658+05:30  INFO 1824 --- [secdemo1] [restartedMain] com.zaxxer.hikari.pool.HikariPool        : HikariPool-1 - Added connection conn0: url=jdbc:h2:mem:testdb user=SA
2024-09-30T17:42:53.659+05:30  INFO 1824 --- [secdemo1] [restartedMain] com.zaxxer.hikari.HikariDataSource       : HikariPool-1 - Start completed.
2024-09-30T17:42:53.666+05:30  INFO 1824 --- [secdemo1] [restartedMain] o.s.b.a.h2.H2ConsoleAutoConfiguration    : H2 console available at '/h2'. Database available at 'jdbc:h2:mem:testdb'
2024-09-30T17:42:53.736+05:30 DEBUG 1824 --- [secdemo1] [restartedMain] o.s.w.f.ServerHttpObservationFilter      : Filter 'webMvcObservationFilter' configured for use
2024-09-30T17:42:54.026+05:30  INFO 1824 --- [secdemo1] [restartedMain] o.s.o.j.p.SpringPersistenceUnitInfo      : No LoadTimeWeaver setup: ignoring JPA class transformer
2024-09-30T17:42:54.623+05:30  INFO 1824 --- [secdemo1] [restartedMain] j.LocalContainerEntityManagerFactoryBean : Initialized JPA EntityManagerFactory for persistence unit 'default'
2024-09-30T17:42:54.912+05:30  WARN 1824 --- [secdemo1] [restartedMain] JpaBaseConfiguration$JpaWebConfiguration : spring.jpa.open-in-view is enabled by default. Therefore, database queries may be performed during view rendering. Explicitly configure spring.jpa.open-in-view to disable this warning
2024-09-30T17:42:54.951+05:30  INFO 1824 --- [secdemo1] [restartedMain] eAuthenticationProviderManagerConfigurer : Global AuthenticationManager configured with AuthenticationProvider bean with name authenticationProvider
2024-09-30T17:42:54.952+05:30  WARN 1824 --- [secdemo1] [restartedMain] r$InitializeUserDetailsManagerConfigurer : Global AuthenticationManager configured with an AuthenticationProvider bean. UserDetailsService beans will not be used for username/password login. Consider removing the AuthenticationProvider bean. Alternatively, consider using the UserDetailsService in a manually instantiated DaoAuthenticationProvider.
2024-09-30T17:42:55.048+05:30 DEBUG 1824 --- [secdemo1] [restartedMain] s.w.s.m.m.a.RequestMappingHandlerMapping : 5 mappings in 'requestMappingHandlerMapping'
2024-09-30T17:42:55.142+05:30 DEBUG 1824 --- [secdemo1] [restartedMain] o.s.w.s.handler.SimpleUrlHandlerMapping  : Patterns [/webjars/**, /**] in 'resourceHandlerMapping'
2024-09-30T17:42:55.301+05:30  INFO 1824 --- [secdemo1] [restartedMain] o.s.b.a.e.web.EndpointLinksResolver      : Exposing 15 endpoints beneath base path '/actuator'
2024-09-30T17:42:55.443+05:30 DEBUG 1824 --- [secdemo1] [restartedMain] s.w.s.m.m.a.RequestMappingHandlerAdapter : ControllerAdvice beans: 0 @ModelAttribute, 0 @InitBinder, 1 RequestBodyAdvice, 1 ResponseBodyAdvice
2024-09-30T17:42:55.470+05:30 DEBUG 1824 --- [secdemo1] [restartedMain] .m.m.a.ExceptionHandlerExceptionResolver : ControllerAdvice beans: 0 @ExceptionHandler, 1 ResponseBodyAdvice
2024-09-30T17:42:55.656+05:30  INFO 1824 --- [secdemo1] [restartedMain] o.s.b.d.a.OptionalLiveReloadServer       : LiveReload server is running on port 35729
2024-09-30T17:42:55.707+05:30  INFO 1824 --- [secdemo1] [restartedMain] o.s.b.w.embedded.tomcat.TomcatWebServer  : Tomcat started on port 8080 (http) with context path '/'
2024-09-30T17:42:55.717+05:30  INFO 1824 --- [secdemo1] [restartedMain] com.bankapp.Secdemo1Application          : Started Secdemo1Application in 3.819 seconds (process running for 4.306)
2024-09-30T17:42:56.253+05:30  INFO 1824 --- [secdemo1] [RMI TCP Connection(9)-127.0.0.1] o.a.c.c.C.[Tomcat].[localhost].[/]       : Initializing Spring DispatcherServlet 'dispatcherServlet'
2024-09-30T17:42:56.253+05:30  INFO 1824 --- [secdemo1] [RMI TCP Connection(9)-127.0.0.1] o.s.web.servlet.DispatcherServlet        : Initializing Servlet 'dispatcherServlet'
2024-09-30T17:42:56.254+05:30 DEBUG 1824 --- [secdemo1] [RMI TCP Connection(9)-127.0.0.1] o.s.web.servlet.DispatcherServlet        : Detected StandardServletMultipartResolver
2024-09-30T17:42:56.254+05:30 DEBUG 1824 --- [secdemo1] [RMI TCP Connection(9)-127.0.0.1] o.s.web.servlet.DispatcherServlet        : Detected AcceptHeaderLocaleResolver
2024-09-30T17:42:56.254+05:30 DEBUG 1824 --- [secdemo1] [RMI TCP Connection(9)-127.0.0.1] o.s.web.servlet.DispatcherServlet        : Detected FixedThemeResolver
2024-09-30T17:42:56.255+05:30 DEBUG 1824 --- [secdemo1] [RMI TCP Connection(9)-127.0.0.1] o.s.web.servlet.DispatcherServlet        : Detected org.springframework.web.servlet.view.DefaultRequestToViewNameTranslator@53d664d6
2024-09-30T17:42:56.255+05:30 DEBUG 1824 --- [secdemo1] [RMI TCP Connection(9)-127.0.0.1] o.s.web.servlet.DispatcherServlet        : Detected org.springframework.web.servlet.support.SessionFlashMapManager@5e6ad258
2024-09-30T17:42:56.255+05:30 DEBUG 1824 --- [secdemo1] [RMI TCP Connection(9)-127.0.0.1] o.s.web.servlet.DispatcherServlet        : enableLoggingRequestDetails='false': request parameters and headers will be masked to prevent unsafe logging of potentially sensitive data
2024-09-30T17:42:56.255+05:30  INFO 1824 --- [secdemo1] [RMI TCP Connection(9)-127.0.0.1] o.s.web.servlet.DispatcherServlet        : Completed initialization in 1 ms
2024-09-30T17:43:03.881+05:30 DEBUG 1824 --- [secdemo1] [http-nio-8080-exec-2] o.s.web.servlet.DispatcherServlet        : GET "/admin", parameters={}
2024-09-30T17:43:03.887+05:30 DEBUG 1824 --- [secdemo1] [http-nio-8080-exec-2] s.w.s.m.m.a.RequestMappingHandlerMapping : Mapped to com.bankapp.controller.BankController#admin()
2024-09-30T17:43:03.972+05:30 DEBUG 1824 --- [secdemo1] [http-nio-8080-exec-2] o.s.web.servlet.DispatcherServlet        : Failed to complete request: org.springframework.security.authorization.AuthorizationDeniedException: Access Denied
